Determining if the pthread_create exist failed with the following output:
Change Dir: /home/ericyanng/ROS_WORKSPACE/slamCourse/1_Introduction/build/CMakeFiles/CMakeTmp

Run Build Command:/usr/bin/make "cmTryCompileExec454311198/fast"
/usr/bin/make -f CMakeFiles/cmTryCompileExec454311198.dir/build.make CMakeFiles/cmTryCompileExec454311198.dir/build
make[1]: Entering directory `/home/ericyanng/ROS_WORKSPACE/slamCourse/1_Introduction/build/CMakeFiles/CMakeTmp'
/usr/bin/cmake -E cmake_progress_report /home/ericyanng/ROS_WORKSPACE/slamCourse/1_Introduction/build/CMakeFiles/CMakeTmp/CMakeFiles 1
Building C object CMakeFiles/cmTryCompileExec454311198.dir/CheckSymbolExists.c.o
/usr/bin/cc    -o CMakeFiles/cmTryCompileExec454311198.dir/CheckSymbolExists.c.o   -c /home/ericyanng/ROS_WORKSPACE/slamCourse/1_Introduction/build/CMakeFiles/CMakeTmp/CheckSymbolExists.c
Linking C executable cmTryCompileExec454311198
/usr/bin/cmake -E cmake_link_script CMakeFiles/cmTryCompileExec454311198.dir/link.txt --verbose=1
/usr/bin/cc       CMakeFiles/cmTryCompileExec454311198.dir/CheckSymbolExists.c.o  -o cmTryCompileExec454311198 -rdynamic 
CMakeFiles/cmTryCompileExec454311198.dir/CheckSymbolExists.c.o: In function `main':
CheckSymbolExists.c:(.text+0x16): undefined reference to `pthread_create'
collect2: error: ld returned 1 exit status
make[1]: Leaving directory `/home/ericyanng/ROS_WORKSPACE/slamCourse/1_Introduction/build/CMakeFiles/CMakeTmp'
make[1]: *** [cmTryCompileExec454311198] Error 1
make: *** [cmTryCompileExec454311198/fast] Error 2

File /home/ericyanng/ROS_WORKSPACE/slamCourse/1_Introduction/build/CMakeFiles/CMakeTmp/CheckSymbolExists.c:
/* */
#include <pthread.h>

int main(int argc, char** argv)
{
  (void)argv;
#ifndef pthread_create
  return ((int*)(&pthread_create))[argc];
#else
  (void)argc;
  return 0;
#endif
}

Determining if the function pthread_create exists in the pthreads failed with the following output:
Change Dir: /home/ericyanng/ROS_WORKSPACE/slamCourse/1_Introduction/build/CMakeFiles/CMakeTmp

Run Build Command:/usr/bin/make "cmTryCompileExec2310444943/fast"
/usr/bin/make -f CMakeFiles/cmTryCompileExec2310444943.dir/build.make CMakeFiles/cmTryCompileExec2310444943.dir/build
make[1]: Entering directory `/home/ericyanng/ROS_WORKSPACE/slamCourse/1_Introduction/build/CMakeFiles/CMakeTmp'
/usr/bin/cmake -E cmake_progress_report /home/ericyanng/ROS_WORKSPACE/slamCourse/1_Introduction/build/CMakeFiles/CMakeTmp/CMakeFiles 1
Building C object CMakeFiles/cmTryCompileExec2310444943.dir/CheckFunctionExists.c.o
/usr/bin/cc   -DCHECK_FUNCTION_EXISTS=pthread_create   -o CMakeFiles/cmTryCompileExec2310444943.dir/CheckFunctionExists.c.o   -c /usr/share/cmake-2.8/Modules/CheckFunctionExists.c
Linking C executable cmTryCompileExec2310444943
/usr/bin/cmake -E cmake_link_script CMakeFiles/cmTryCompileExec2310444943.dir/link.txt --verbose=1
/usr/bin/cc   -DCHECK_FUNCTION_EXISTS=pthread_create    CMakeFiles/cmTryCompileExec2310444943.dir/CheckFunctionExists.c.o  -o cmTryCompileExec2310444943 -rdynamic -lpthreads 
/usr/bin/ld: cannot find -lpthreads
collect2: error: ld returned 1 exit status
make[1]: Leaving directory `/home/ericyanng/ROS_WORKSPACE/slamCourse/1_Introduction/build/CMakeFiles/CMakeTmp'
make[1]: *** [cmTryCompileExec2310444943] Error 1
make: *** [cmTryCompileExec2310444943/fast] Error 2


